<?xml version="1.0" encoding="UTF-8"?>
<testng-results ignored="0" total="1" passed="0" failed="1" skipped="0">
  <reporter-output>
  </reporter-output>
  <suite started-at="2023-10-11T10:16:17 IST" name="Suite123" finished-at="2023-10-11T10:16:43 IST" duration-ms="26514">
    <groups>
    </groups>
    <test started-at="2023-10-11T10:16:17 IST" name="ChromeTest" finished-at="2023-10-11T10:16:43 IST" duration-ms="26514">
      <class name="testNG_Test.VarifyBookYourFreeSessionField">
        <test-method is-config="true" signature="launchBrowser(java.lang.String)[pri:0, instance:testNG_Test.VarifyBookYourFreeSessionField@14028087]" started-at="2023-10-11T10:16:17 IST" name="launchBrowser" finished-at="2023-10-11T10:16:33 IST" duration-ms="16064" status="PASS">
          <params>
            <param index="0">
              <value>
                <![CDATA[Chrome]]>
              </value>
            </param>
          </params>
          <reporter-output>
          </reporter-output>
        </test-method> <!-- launchBrowser -->
        <test-method is-config="true" signature="beforeClass()[pri:0, instance:testNG_Test.VarifyBookYourFreeSessionField@14028087]" started-at="2023-10-11T10:16:33 IST" name="beforeClass" finished-at="2023-10-11T10:16:33 IST" duration-ms="49" status="PASS">
          <reporter-output>
          </reporter-output>
        </test-method> <!-- beforeClass -->
        <test-method is-config="true" signature="beforeMethod()[pri:0, instance:testNG_Test.VarifyBookYourFreeSessionField@14028087]" started-at="2023-10-11T10:16:33 IST" name="beforeMethod" finished-at="2023-10-11T10:16:37 IST" duration-ms="4553" status="PASS">
          <reporter-output>
          </reporter-output>
        </test-method> <!-- beforeMethod -->
        <test-method signature="varifyBookYourFreeSessionField_T101()[pri:0, instance:testNG_Test.VarifyBookYourFreeSessionField@14028087]" started-at="2023-10-11T10:16:37 IST" name="varifyBookYourFreeSessionField_T101" finished-at="2023-10-11T10:16:42 IST" duration-ms="4708" status="FAIL">
          <exception class="java.lang.AssertionError">
            <message>
              <![CDATA[null]]>
            </message>
            <full-stacktrace>
              <![CDATA[java.lang.AssertionError: null
at org.testng.Assert.fail(Assert.java:111)
at org.testng.Assert.fail(Assert.java:116)
at testNG_Test.VarifyBookYourFreeSessionField.varifyBookYourFreeSessionField_T101(VarifyBookYourFreeSessionField.java:78)
at java.base/jdk.internal.reflect.NativeMethodAccessorImpl.invoke0(Native Method)
at java.base/jdk.internal.reflect.NativeMethodAccessorImpl.invoke(NativeMethodAccessorImpl.java:77)
at java.base/jdk.internal.reflect.DelegatingMethodAccessorImpl.invoke(DelegatingMethodAccessorImpl.java:43)
at java.base/java.lang.reflect.Method.invoke(Method.java:568)
at org.testng.internal.invokers.MethodInvocationHelper.invokeMethod(MethodInvocationHelper.java:139)
at org.testng.internal.invokers.TestInvoker.invokeMethod(TestInvoker.java:664)
at org.testng.internal.invokers.TestInvoker.invokeTestMethod(TestInvoker.java:227)
at org.testng.internal.invokers.MethodRunner.runInSequence(MethodRunner.java:50)
at org.testng.internal.invokers.TestInvoker$MethodInvocationAgent.invoke(TestInvoker.java:957)
at org.testng.internal.invokers.TestInvoker.invokeTestMethods(TestInvoker.java:200)
at org.testng.internal.invokers.TestMethodWorker.invokeTestMethods(TestMethodWorker.java:148)
at org.testng.internal.invokers.TestMethodWorker.run(TestMethodWorker.java:128)
at java.base/java.util.ArrayList.forEach(ArrayList.java:1511)
at org.testng.TestRunner.privateRun(TestRunner.java:848)
at org.testng.TestRunner.run(TestRunner.java:621)
at org.testng.SuiteRunner.runTest(SuiteRunner.java:443)
at org.testng.SuiteRunner.runSequentially(SuiteRunner.java:437)
at org.testng.SuiteRunner.privateRun(SuiteRunner.java:397)
at org.testng.SuiteRunner.run(SuiteRunner.java:336)
at org.testng.SuiteRunnerWorker.runSuite(SuiteRunnerWorker.java:52)
at org.testng.SuiteRunnerWorker.run(SuiteRunnerWorker.java:95)
at org.testng.TestNG.runSuitesSequentially(TestNG.java:1280)
at org.testng.TestNG.runSuitesLocally(TestNG.java:1200)
at org.testng.TestNG.runSuites(TestNG.java:1114)
at org.testng.TestNG.run(TestNG.java:1082)
at org.testng.remote.AbstractRemoteTestNG.run(AbstractRemoteTestNG.java:115)
at org.testng.remote.RemoteTestNG.initAndRun(RemoteTestNG.java:251)
at org.testng.remote.RemoteTestNG.main(RemoteTestNG.java:77)
]]>
            </full-stacktrace>
          </exception> <!-- java.lang.AssertionError -->
          <reporter-output>
          </reporter-output>
        </test-method> <!-- varifyBookYourFreeSessionField_T101 -->
        <test-method is-config="true" signature="afterMethod(org.testng.ITestResult)[pri:0, instance:testNG_Test.VarifyBookYourFreeSessionField@14028087]" started-at="2023-10-11T10:16:42 IST" name="afterMethod" finished-at="2023-10-11T10:16:43 IST" duration-ms="595" status="PASS">
          <params>
            <param index="0">
              <value>
                <![CDATA[[TestResult name=varifyBookYourFreeSessionField_T101 status=FAILURE method=VarifyBookYourFreeSessionField.varifyBookYourFreeSessionField_T101()[pri:0, instance:testNG_Test.VarifyBookYourFreeSessionField@14028087] output={null}]]]>
              </value>
            </param>
          </params>
          <reporter-output>
          </reporter-output>
        </test-method> <!-- afterMethod -->
        <test-method is-config="true" signature="afterClass()[pri:0, instance:testNG_Test.VarifyBookYourFreeSessionField@14028087]" started-at="2023-10-11T10:16:43 IST" name="afterClass" finished-at="2023-10-11T10:16:43 IST" duration-ms="0" status="PASS">
          <reporter-output>
          </reporter-output>
        </test-method> <!-- afterClass -->
        <test-method is-config="true" signature="AfterTest()[pri:0, instance:testNG_Test.VarifyBookYourFreeSessionField@14028087]" started-at="2023-10-11T10:16:43 IST" name="AfterTest" finished-at="2023-10-11T10:16:43 IST" duration-ms="406" status="PASS">
          <reporter-output>
          </reporter-output>
        </test-method> <!-- AfterTest -->
      </class> <!-- testNG_Test.VarifyBookYourFreeSessionField -->
    </test> <!-- ChromeTest -->
  </suite> <!-- Suite123 -->
</testng-results>
